Logfile initialized
[INFO] logfile = /Users/alanleard/TiApps/New Years/build.log
[DEBUG] /Library/Application Support/Titanium/mobilesdk/osx/3.0.0.v20121130200208/android/builder.py simulator New Years /Applications/android-sdk-mac_x86 /Users/alanleard/TiApps/New Years com.newyears.app 8 WVGA854 
[INFO] Building New Years for Android ... one moment
[INFO] Titanium SDK version: 3.0.0 (11/30/12 20:02 f65ebe6)
[DEBUG] Waiting for device to be ready ...
[TRACE] adb devices returned 1 devices/emulators
[TRACE] adb devices returned 1 devices/emulators
[TRACE] adb devices returned 1 devices/emulators
[TRACE] adb devices returned 1 devices/emulators
[DEBUG] Device connected... (waited 15 seconds)
[DEBUG] waited 15.061730 seconds on emulator to get ready
[INFO] Waiting for the Android Emulator to become available
[DEBUG] com.newyears.app installed? True
[INFO] Fastdev server running, deploying in Fastdev mode
[INFO] Copying CommonJS modules...
[INFO] Copying project resources..
[TRACE] Generating Java Classes
[DEBUG] Processing Android resource drawables
[DEBUG] copying app icon: /Users/alanleard/TiApps/New Years/build/android/bin/assets/Resources/appicon.png
[DEBUG] generating theme.xml
[DEBUG] found splash screen at /Users/alanleard/TiApps/New Years/build/android/bin/assets/Resources/default.png
[TRACE] Writing out AndroidManifest.xml
[DEBUG] adding /Users/alanleard/TiApps/New Years/build/android/gen/com/newyears/app/NewYearsActivity.java to javac build list
[DEBUG] adding /Users/alanleard/TiApps/New Years/build/android/gen/com/newyears/app/NewYearsAppInfo.java to javac build list
[DEBUG] adding /Users/alanleard/TiApps/New Years/build/android/gen/com/newyears/app/NewYearsApplication.java to javac build list
[DEBUG] adding /Users/alanleard/TiApps/New Years/build/android/gen/com/newyears/app/R.java to javac build list
[DEBUG] Building Java Sources: "/Users/alanleard/TiApps/New Years/build/android/gen/com/newyears/app/NewYearsActivity.java" "/Users/alanleard/TiApps/New Years/build/android/gen/com/newyears/app/NewYearsAppInfo.java" "/Users/alanleard/TiApps/New Years/build/android/gen/com/newyears/app/NewYearsApplication.java" "/Users/alanleard/TiApps/New Years/build/android/gen/com/newyears/app/R.java"
[INFO] Waiting for SDCard to become available..
[INFO] Compiling Android Resources... This could take some time
[DEBUG] Android classes.dex built
[DEBUG] creating unsigned apk: /Users/alanleard/TiApps/New Years/build/android/bin/app-unsigned.apk
[DEBUG] from resource zip => assets/Resources/AuldLangSyne.mp3
[DEBUG] from resource zip => assets/Resources/Default.png
[DEBUG] from resource zip => assets/Resources/MusicOff.png
[DEBUG] from resource zip => assets/Resources/MusicOff@2x.png
[DEBUG] from resource zip => assets/Resources/MusicOn.png
[DEBUG] from resource zip => assets/Resources/MusicOn@2x.png
[DEBUG] from resource zip => assets/Resources/app.js
[DEBUG] from resource zip => assets/Resources/appicon.png
[DEBUG] from resource zip => assets/Resources/bg.png
[DEBUG] from resource zip => assets/Resources/globals.js
[DEBUG] from resource zip => assets/Resources/home.png
[DEBUG] from resource zip => assets/Resources/home@2x.png
[DEBUG] from resource zip => assets/Resources/map.gif
[DEBUG] from resource zip => assets/Resources/photo.js
[DEBUG] from resource zip => assets/Resources/photo.png
[DEBUG] from resource zip => assets/Resources/photo@2x.png
[DEBUG] from resource zip => assets/Resources/photoBtn.png
[DEBUG] from resource zip => assets/Resources/photoBtn@2x.png
[DEBUG] from resource zip => assets/Resources/photoIpad.png
[DEBUG] from resource zip => assets/Resources/win.js
[DEBUG] from resource zip => assets/Resources/world.js
[DEBUG] from resource zip => assets/Resources/world.png
[DEBUG] from resource zip => assets/Resources/world@2x.png
[DEBUG] from resource zip => assets/app.json
[DEBUG] from resource zip => assets/index.json
[DEBUG] from resource zip => assets/tiapp.xml
[DEBUG] from resource zip => res/drawable/appicon.png
[DEBUG] from resource zip => res/drawable/background.png
[DEBUG] from resource zip => res/drawable/close.png
[DEBUG] from resource zip => res/drawable/facebook_login.png
[DEBUG] from resource zip => res/drawable/facebook_login_down.png
[DEBUG] from resource zip => res/drawable/facebook_login_wide.png
[DEBUG] from resource zip => res/drawable/facebook_login_wide_down.png
[DEBUG] from resource zip => res/drawable/facebook_logout.png
[DEBUG] from resource zip => res/drawable/facebook_logout_down.png
[DEBUG] from resource zip => res/layout/titanium_tabgroup.xml
[DEBUG] from resource zip => AndroidManifest.xml
[DEBUG] from resource zip => resources.arsc
[DEBUG] from resource zip => res/drawable-hdpi/close.png
[DEBUG] from resource zip => res/drawable-ldpi/close.png
[DEBUG] from JAR /Library/Application Support/Titanium/mobilesdk/osx/3.0.0.v20121130200208/android/modules/titanium-ui.jar => ti/modules/titanium/ui/widget/webview/binding.js
[DEBUG] from JAR /Library/Application Support/Titanium/mobilesdk/osx/3.0.0.v20121130200208/android/modules/titanium-ui.jar => ti/modules/titanium/ui/widget/webview/binding.min.js
[DEBUG] from JAR /Library/Application Support/Titanium/mobilesdk/osx/3.0.0.v20121130200208/android/modules/titanium-ui.jar => ti/modules/titanium/ui/widget/webview/json2.js
[DEBUG] from JAR /Library/Application Support/Titanium/mobilesdk/osx/3.0.0.v20121130200208/android/modules/titanium-ui.jar => ti/modules/titanium/ui/widget/webview/polling.js
[DEBUG] from JAR /Library/Application Support/Titanium/mobilesdk/osx/3.0.0.v20121130200208/android/modules/titanium-ui.jar => ti/modules/titanium/ui/widget/webview/polling.min.js
[DEBUG] from JAR /Library/Application Support/Titanium/mobilesdk/osx/3.0.0.v20121130200208/android/titanium.jar => org/appcelerator/titanium/build.properties
[DEBUG] from JAR /Library/Application Support/Titanium/mobilesdk/osx/3.0.0.v20121130200208/android/titanium.jar => org/appcelerator/titanium/res/drawable/background.png
[DEBUG] from JAR /Library/Application Support/Titanium/mobilesdk/osx/3.0.0.v20121130200208/android/titanium.jar => org/appcelerator/titanium/res/drawable/btn_check_buttonless_on.png
[DEBUG] from JAR /Library/Application Support/Titanium/mobilesdk/osx/3.0.0.v20121130200208/android/titanium.jar => org/appcelerator/titanium/res/drawable/btn_check_buttonless_on_18.png
[DEBUG] from JAR /Library/Application Support/Titanium/mobilesdk/osx/3.0.0.v20121130200208/android/titanium.jar => org/appcelerator/titanium/res/drawable/btn_check_buttonless_on_48.png
[DEBUG] from JAR /Library/Application Support/Titanium/mobilesdk/osx/3.0.0.v20121130200208/android/titanium.jar => org/appcelerator/titanium/res/drawable/btn_check_buttonless_on_64.png
[DEBUG] from JAR /Library/Application Support/Titanium/mobilesdk/osx/3.0.0.v20121130200208/android/titanium.jar => org/appcelerator/titanium/res/drawable/btn_more.png
[DEBUG] from JAR /Library/Application Support/Titanium/mobilesdk/osx/3.0.0.v20121130200208/android/titanium.jar => org/appcelerator/titanium/res/drawable/btn_more_18.png
[DEBUG] from JAR /Library/Application Support/Titanium/mobilesdk/osx/3.0.0.v20121130200208/android/titanium.jar => org/appcelerator/titanium/res/drawable/btn_more_48.png
[DEBUG] from JAR /Library/Application Support/Titanium/mobilesdk/osx/3.0.0.v20121130200208/android/titanium.jar => org/appcelerator/titanium/res/drawable/btn_more_64.png
[DEBUG] from JAR /Library/Application Support/Titanium/mobilesdk/osx/3.0.0.v20121130200208/android/titanium.jar => org/appcelerator/titanium/res/drawable/btn_picker_normal.9.png
[DEBUG] from JAR /Library/Application Support/Titanium/mobilesdk/osx/3.0.0.v20121130200208/android/titanium.jar => org/appcelerator/titanium/res/drawable/btn_picker_pressed.9.png
[DEBUG] from JAR /Library/Application Support/Titanium/mobilesdk/osx/3.0.0.v20121130200208/android/titanium.jar => org/appcelerator/titanium/res/drawable/btn_picker_selected.9.png
[DEBUG] from JAR /Library/Application Support/Titanium/mobilesdk/osx/3.0.0.v20121130200208/android/titanium.jar => org/appcelerator/titanium/res/drawable/default_icon.png
[DEBUG] from JAR /Library/Application Support/Titanium/mobilesdk/osx/3.0.0.v20121130200208/android/titanium.jar => org/appcelerator/titanium/res/drawable/photoDefault.png
[DEBUG] from JAR /Library/Application Support/Titanium/mobilesdk/osx/3.0.0.v20121130200208/android/thirdparty.jar => org/apache/Commons-NOTICE.txt
[DEBUG] from JAR /Library/Application Support/Titanium/mobilesdk/osx/3.0.0.v20121130200208/android/thirdparty.jar => org/apache/HttpComponents-NOTICE.txt
[DEBUG] from JAR /Library/Application Support/Titanium/mobilesdk/osx/3.0.0.v20121130200208/android/thirdparty.jar => org/apache/mime4j-NOTICE.txt
[DEBUG] from JAR /Library/Application Support/Titanium/mobilesdk/osx/3.0.0.v20121130200208/android/modules/titanium-facebook.jar => ti/modules/titanium/facebook/LICENSE
[DEBUG] installing native SDK libs
[DEBUG] Waiting for device to be ready ...
[TRACE] adb devices returned 1 devices/emulators
[DEBUG] Device connected... (waited 0 seconds)
[DEBUG] waited 0.018218 seconds on emulator to get ready
[INFO] Installing application on emulator
[INFO] Launching application ... New Years
[TRACE] Launch output: Starting: Intent { act=android.intent.action.MAIN cat=[android.intent.category.LAUNCHER] flg=0x10200000 cmp=com.newyears.app/.NewYearsActivity }
Warning: Activity not started, its current task has been brought to the front

[INFO] Deployed New Years ... Application should be running.
[DEBUG] signal caught: 15
